<?xml version="1.0" encoding="UTF-8"?>
<!-- Generated by org.testng.reporters.JUnitXMLReporter -->
<testsuite ignored="0" hostname="DESKTOP-LPGNF41" failures="1" tests="2" name="Test" time="6.575" errors="0" timestamp="2025-05-17T19:08:18 IST">
  <testcase classname="jenipractice.LoginFe" name="login" time="5.461"/>
  <testcase classname="jenipractice.LoginFe" name="name" time="0.009">
    <failure type="java.lang.AssertionError" message="null">
      <![CDATA[java.lang.AssertionError: null
at jenipractice.LoginFe.name(LoginFe.java:68)
at java.base/java.util.ArrayList.forEach(ArrayList.java:1596)
... Removed 27 stack frames]]>
    </failure>
  </testcase> <!-- name -->
</testsuite> <!-- Test -->
