<?xml version="1.0" encoding="UTF-8"?>
<testng-results ignored="0" total="2" passed="1" failed="1" skipped="0">
  <reporter-output>
    <line>
      <![CDATA[BUILD RUNS]]>
    </line>
  </reporter-output>
  <suite started-at="2025-05-17T19:08:11 IST" name="Suite" finished-at="2025-05-17T19:08:18 IST" duration-ms="6575">
    <groups>
    </groups>
    <test started-at="2025-05-17T19:08:11 IST" name="Test" finished-at="2025-05-17T19:08:18 IST" duration-ms="6575">
      <class name="jenipractice.LoginFe">
        <test-method is-config="true" signature="inite()[pri:0, instance:jenipractice.LoginFe@1aafa419]" started-at="2025-05-17T19:08:12 IST" name="inite" finished-at="2025-05-17T19:08:12 IST" duration-ms="599" status="PASS">
          <reporter-output>
          </reporter-output>
        </test-method> <!-- inite -->
        <test-method signature="login()[pri:0, instance:jenipractice.LoginFe@1aafa419]" started-at="2025-05-17T19:08:12 IST" name="login" finished-at="2025-05-17T19:08:18 IST" duration-ms="5461" status="PASS">
          <reporter-output>
            <line>
              <![CDATA[BUILD RUNS]]>
            </line>
          </reporter-output>
        </test-method> <!-- login -->
        <test-method is-config="true" signature="inite()[pri:0, instance:jenipractice.LoginFe@1aafa419]" started-at="2025-05-17T19:08:18 IST" name="inite" finished-at="2025-05-17T19:08:18 IST" duration-ms="1" status="PASS">
          <reporter-output>
          </reporter-output>
        </test-method> <!-- inite -->
        <test-method signature="name()[pri:0, instance:jenipractice.LoginFe@1aafa419]" started-at="2025-05-17T19:08:18 IST" name="name" finished-at="2025-05-17T19:08:18 IST" duration-ms="9" status="FAIL">
          <exception class="java.lang.AssertionError">
            <message>
              <![CDATA[null]]>
            </message>
            <full-stacktrace>
              <![CDATA[java.lang.AssertionError: null
at org.testng.Assert.fail(Assert.java:111)
at org.testng.Assert.fail(Assert.java:116)
at jenipractice.LoginFe.name(LoginFe.java:68)
at java.base/jdk.internal.reflect.DirectMethodHandleAccessor.invoke(DirectMethodHandleAccessor.java:103)
at java.base/java.lang.reflect.Method.invoke(Method.java:580)
at org.testng.internal.invokers.MethodInvocationHelper.invokeMethod(MethodInvocationHelper.java:141)
at org.testng.internal.invokers.TestInvoker.invokeMethod(TestInvoker.java:687)
at org.testng.internal.invokers.TestInvoker.invokeTestMethod(TestInvoker.java:230)
at org.testng.internal.invokers.MethodRunner.runInSequence(MethodRunner.java:63)
at org.testng.internal.invokers.TestInvoker$MethodInvocationAgent.invoke(TestInvoker.java:995)
at org.testng.internal.invokers.TestInvoker.invokeTestMethods(TestInvoker.java:203)
at org.testng.internal.invokers.TestMethodWorker.invokeTestMethods(TestMethodWorker.java:154)
at org.testng.internal.invokers.TestMethodWorker.run(TestMethodWorker.java:134)
at java.base/java.util.ArrayList.forEach(ArrayList.java:1596)
at org.testng.TestRunner.privateRun(TestRunner.java:741)
at org.testng.TestRunner.run(TestRunner.java:616)
at org.testng.SuiteRunner.runTest(SuiteRunner.java:421)
at org.testng.SuiteRunner.runSequentially(SuiteRunner.java:413)
at org.testng.SuiteRunner.privateRun(SuiteRunner.java:373)
at org.testng.SuiteRunner.run(SuiteRunner.java:312)
at org.testng.SuiteRunnerWorker.runSuite(SuiteRunnerWorker.java:52)
at org.testng.SuiteRunnerWorker.run(SuiteRunnerWorker.java:95)
at org.testng.TestNG.runSuitesSequentially(TestNG.java:1274)
at org.testng.TestNG.runSuitesLocally(TestNG.java:1208)
at org.testng.TestNG.runSuites(TestNG.java:1112)
at org.testng.TestNG.run(TestNG.java:1079)
at org.testng.remote.AbstractRemoteTestNG.run(AbstractRemoteTestNG.java:115)
at org.testng.remote.RemoteTestNG.initAndRun(RemoteTestNG.java:293)
at org.testng.remote.RemoteTestNG.main(RemoteTestNG.java:91)
]]>
            </full-stacktrace>
          </exception> <!-- java.lang.AssertionError -->
          <reporter-output>
          </reporter-output>
        </test-method> <!-- name -->
        <test-method is-config="true" signature="tearDown()[pri:0, instance:jenipractice.LoginFe@1aafa419]" started-at="2025-05-17T19:08:18 IST" name="tearDown" finished-at="2025-05-17T19:08:18 IST" duration-ms="446" status="PASS">
          <reporter-output>
          </reporter-output>
        </test-method> <!-- tearDown -->
      </class> <!-- jenipractice.LoginFe -->
    </test> <!-- Test -->
  </suite> <!-- Suite -->
</testng-results>
